<?xml version="1.0" encoding="UTF-8"?>
<!-- Generated by org.testng.reporters.JUnitXMLReporter -->
<testsuite ignored="0" hostname="DESKTOP-JGMGK3K" failures="0" tests="2" name="End To End FrameWorkTest" time="1.111" errors="0" timestamp="11 May 2024 12:56:31 GMT">
  <testcase classname="org.rahulshettyacademy.TestUtils.AndroidBaseTest" name="@BeforeClass configureAppium" time="0.142">
    <failure type="java.net.MalformedURLException" message="Error at index 1 in: &amp;quot;1:4723&amp;quot;">
      <![CDATA[java.net.MalformedURLException: Error at index 1 in: "1:4723"
at java.base/java.net.URL.<init>(URL.java:708)
at java.base/java.net.URL.<init>(URL.java:569)
at java.base/java.net.URL.<init>(URL.java:516)
at io.appium.java_client.service.local.AppiumDriverLocalService.<init>(AppiumDriverLocalService.java:84)
at io.appium.java_client.service.local.AppiumServiceBuilder.createDriverService(AppiumServiceBuilder.java:473)
at io.appium.java_client.service.local.AppiumServiceBuilder.createDriverService(AppiumServiceBuilder.java:57)
at org.openqa.selenium.remote.service.DriverService$Builder.build(DriverService.java:498)
at com.rahulsheetyacademy.utils.AppiumUtils.startAppiumServer(AppiumUtils.java:56)
at org.rahulshettyacademy.TestUtils.AndroidBaseTest.configureAppium(AndroidBaseTest.java:53)
Caused by: java.lang.NumberFormatException: Error at index 1 in: "1:4723"
at java.base/java.lang.NumberFormatException.forCharSequence(NumberFormatException.java:83)
at java.base/java.lang.Integer.parseInt(Integer.java:751)
at java.base/java.net.URLStreamHandler.parseURL(URLStreamHandler.java:237)
at java.base/java.net.URL.<init>(URL.java:703)
... 34 more
... Removed 26 stack frames]]>
    </failure>
  </testcase> <!-- @BeforeClass configureAppium -->
  <testcase classname="org.rahulshettyacademy.eCommersetc_4" name="@BeforeMethod preSetUp" time="0.0">
    <skipped/>
  </testcase> <!-- @BeforeMethod preSetUp -->
  <testcase classname="org.rahulshettyacademy.eCommersetc_4" name="@BeforeMethod preSetUp" time="0.0">
    <skipped/>
  </testcase> <!-- @BeforeMethod preSetUp -->
  <testcase classname="org.rahulshettyacademy.TestUtils.AndroidBaseTest" name="@AfterClass tearDown" time="0.0">
    <skipped/>
  </testcase> <!-- @AfterClass tearDown -->
  <testcase classname="org.rahulshettyacademy.eCommersetc_4" name="fillForm" time="0.0">
    <skipped/>
  </testcase> <!-- fillForm -->
  <testcase classname="org.rahulshettyacademy.eCommersetc_4" name="fillForm" time="0.0">
    <skipped/>
  </testcase> <!-- fillForm -->
</testsuite> <!-- End To End FrameWorkTest -->
